  Source.c
E:\bsuir\2 семестр\ТРПП\ЛР2\lw_main\lw_main\stringHelper.h(63,10): warning C4018:  '>=': signed/unsigned mismatch
E:\bsuir\2 семестр\ТРПП\ЛР2\lw_main\lw_main\stringHelper.h(109,23): warning C4018:  '<': signed/unsigned mismatch
E:\bsuir\2 семестр\ТРПП\ЛР2\lw_main\lw_main\stringHelper.h(108,1): warning C4047:  'initializing': 'char **' differs in levels of indirection from 'char *'
E:\bsuir\2 семестр\ТРПП\ЛР2\lw_main\lw_main\datetime.h(152,20): warning C4305:  '=': truncation from 'int' to 'char'
E:\bsuir\2 семестр\ТРПП\ЛР2\lw_main\lw_main\user.h(76,23): warning C4018:  '<': signed/unsigned mismatch
E:\bsuir\2 семестр\ТРПП\ЛР2\lw_main\lw_main\user.h(84,14): warning C4018:  '<': signed/unsigned mismatch
E:\bsuir\2 семестр\ТРПП\ЛР2\lw_main\lw_main\user.h(157,23): warning C4018:  '<': signed/unsigned mismatch
E:\bsuir\2 семестр\ТРПП\ЛР2\lw_main\lw_main\artists.h(13,23): warning C4018:  '<': signed/unsigned mismatch
E:\bsuir\2 семестр\ТРПП\ЛР2\lw_main\lw_main\artists.h(92,23): warning C4018:  '<': signed/unsigned mismatch
E:\bsuir\2 семестр\ТРПП\ЛР2\lw_main\lw_main\artists.h(100,14): warning C4018:  '<': signed/unsigned mismatch
E:\bsuir\2 семестр\ТРПП\ЛР2\lw_main\lw_main\artists.h(144,23): warning C4018:  '<': signed/unsigned mismatch
E:\bsuir\2 семестр\ТРПП\ЛР2\lw_main\lw_main\artists.h(187,25): warning C4018:  '<': signed/unsigned mismatch
E:\bsuir\2 семестр\ТРПП\ЛР2\lw_main\lw_main\artists.h(217,25): warning C4018:  '<': signed/unsigned mismatch
E:\bsuir\2 семестр\ТРПП\ЛР2\lw_main\lw_main\artists.h(255,24): warning C4018:  '<': signed/unsigned mismatch
E:\bsuir\2 семестр\ТРПП\ЛР2\lw_main\lw_main\artists.h(268,24): warning C4018:  '<': signed/unsigned mismatch
E:\bsuir\2 семестр\ТРПП\ЛР2\lw_main\lw_main\artistPerfomance.h(9,23): warning C4018:  '<': signed/unsigned mismatch
E:\bsuir\2 семестр\ТРПП\ЛР2\lw_main\lw_main\artistPerfomance.h(120,23): warning C4018:  '<': signed/unsigned mismatch
E:\bsuir\2 семестр\ТРПП\ЛР2\lw_main\lw_main\artistPerfomance.h(128,14): warning C4018:  '<': signed/unsigned mismatch
E:\bsuir\2 семестр\ТРПП\ЛР2\lw_main\lw_main\artistPerfomance.h(169,23): warning C4018:  '<': signed/unsigned mismatch
E:\bsuir\2 семестр\ТРПП\ЛР2\lw_main\lw_main\perfomances.h(11,23): warning C4018:  '<': signed/unsigned mismatch
E:\bsuir\2 семестр\ТРПП\ЛР2\lw_main\lw_main\perfomances.h(95,23): warning C4018:  '<': signed/unsigned mismatch
E:\bsuir\2 семестр\ТРПП\ЛР2\lw_main\lw_main\perfomances.h(103,14): warning C4018:  '<': signed/unsigned mismatch
E:\bsuir\2 семестр\ТРПП\ЛР2\lw_main\lw_main\perfomances.h(151,23): warning C4018:  '<': signed/unsigned mismatch
E:\bsuir\2 семестр\ТРПП\ЛР2\lw_main\lw_main\perfomances.h(201,25): warning C4018:  '<': signed/unsigned mismatch
E:\bsuir\2 семестр\ТРПП\ЛР2\lw_main\lw_main\perfomances.h(239,25): warning C4018:  '<': signed/unsigned mismatch
E:\bsuir\2 семестр\ТРПП\ЛР2\lw_main\lw_main\perfomances.h(277,25): warning C4018:  '<': signed/unsigned mismatch
E:\bsuir\2 семестр\ТРПП\ЛР2\lw_main\lw_main\perfomances.h(315,25): warning C4018:  '<': signed/unsigned mismatch
E:\bsuir\2 семестр\ТРПП\ЛР2\lw_main\lw_main\perfomances.h(361,24): warning C4018:  '<': signed/unsigned mismatch
E:\bsuir\2 семестр\ТРПП\ЛР2\lw_main\lw_main\perfomances.h(373,24): warning C4018:  '<': signed/unsigned mismatch
E:\bsuir\2 семестр\ТРПП\ЛР2\lw_main\lw_main\perfomances.h(385,24): warning C4018:  '<': signed/unsigned mismatch
E:\bsuir\2 семестр\ТРПП\ЛР2\lw_main\lw_main\perfomances.h(397,24): warning C4018:  '<': signed/unsigned mismatch
E:\bsuir\2 семестр\ТРПП\ЛР2\lw_main\lw_main\Source.c(65,12): warning C4013:  'time' undefined; assuming extern returning int
E:\bsuir\2 семестр\ТРПП\ЛР2\lw_main\lw_main\Source.c(1333,24): warning C4018:  '<': signed/unsigned mismatch
E:\bsuir\2 семестр\ТРПП\ЛР2\lw_main\lw_main\Source.c(1342,24): warning C4018:  '<': signed/unsigned mismatch
  lw_main.vcxproj -> E:\bsuir\2 семестр\ТРПП\ЛР2\lw_main\Debug\lw_main.exe
